2014-12-01T18:40:04  *** Wall-E has joined #lab
2014-12-01T18:40:36  <seik0> ваще жесть
2014-12-01T18:46:23  *** igorek_ has joined #lab
2014-12-01T18:46:39  <michail> да ладно парни ) херня все это время всегда есть
2014-12-01T18:59:23  <seik0> время есть, но не на всё
2014-12-01T19:00:25  <michail> так сча дядя Миша покажет тестовую вики
2014-12-01T19:00:28  <michail> страничку
2014-12-01T19:00:33  <michail> просто разметка + стили
2014-12-01T19:00:47  <michail> кину акрхив со страничкой, стилями и картинками
2014-12-01T19:01:59  <michail> можно ее будет открыть в бразуре и посомтреть
2014-12-01T19:02:56  <serezha_mob> Здорово
2014-12-01T19:03:01  <serezha_mob> :)
2014-12-01T19:03:48  <michail> http://www.filedropper.com/wiki
2014-12-01T19:04:07  <michail> Download this file и капчу надо ввести
2014-12-01T19:10:18  <igorek_> ((( ттк раздают серые IP
2014-12-01T19:10:23  <snegovik1> стильно
2014-12-01T19:11:27  <michail> серые?
2014-12-01T19:11:34  <michail> ты не можешь качнуть что ли?
2014-12-01T19:11:55  <michail> ну чего кто еще посмотрел?
2014-12-01T19:12:13  <michail> даешь апинион свой
2014-12-01T19:12:34  <igorek_> качаю
2014-12-01T19:14:26  <igorek_> не ну а чо! нормалды... простенько , без излишеств, глаз радуется! 
2014-12-01T19:14:29  <igorek_> молодчага
2014-12-01T19:14:46  <igorek_> и в номинации "веб-мастер" недели.... )))
2014-12-01T19:15:26  <snegovik1> минимализм рулит
2014-12-01T19:16:12  <igorek_> ну я скажу то вот что..все таки как бы я скептически не относился к вики на авк...это все равно по своему круто !
2014-12-01T19:18:09  <seik0> да, ттк не серые
2014-12-01T19:18:18  <seik0> сейчас, расскажу про ттк
2014-12-01T19:19:08  <seik0> вощем, у ттк несколько внешних ip-шников
2014-12-01T19:19:14  <seik0> как правильно выразиться
2014-12-01T19:19:18  <igorek_> белые
2014-12-01T19:19:22  <igorek_> )
2014-12-01T19:19:30  <seik0> они балансируют нагрузку и в произвольный момент времени выпускают через произвольный сервер
2014-12-01T19:20:00  <seik0> есть куча ресурсов, которые показывают да, твой белый iз
2014-12-01T19:20:02  <seik0> *ip
2014-12-01T19:20:30  <igorek_> но самое что интересное, как правило мне попался (на мой роутер) попадал белый IP. Сейчас же вот такая хрень - 172.17.12.176
2014-12-01T19:20:30  <seik0> так вот, если сидеть с ттк без статического ip, то каждые пару минут (или чаще), твой белый ip меняется
2014-12-01T19:20:47  <seik0> а как на роутер может попасть?
2014-12-01T19:20:53  <igorek_> на мой роутер
2014-12-01T19:20:56  <igorek_> домашний
2014-12-01T19:21:07  <seik0> да, я понимаю, но на роутер и не должен белый попадать
2014-12-01T19:21:16  <igorek_> всегда был белый
2014-12-01T19:21:40  <snegovik1> это как правило отдельная услуга
2014-12-01T19:21:44  <igorek_> нескольо раз попадался на такую же фигню (( 
2014-12-01T19:21:45  <snegovik1> а че ты сервак не завел?
2014-12-01T19:21:47  <igorek_> ага 150 р
2014-12-01T19:21:54  <igorek_> да я уже затунелировался )
2014-12-01T19:22:00  <michail> 2.92.224.1 dev ppp0  proto kernel  scope link  src 2.92.224.186 
2014-12-01T19:22:00  <michail> 10.183.24.0/21 dev eth0  proto kernel  scope link  src 10.183.27.83 
2014-12-01T19:22:00  <michail> 85.21.0.170 via 10.183.24.1 dev eth0
2014-12-01T19:22:03  <michail> кхааа
2014-12-01T19:22:35  <seik0> я в интернет-банк связного не могу зайти, потому что на каждую другую страницу интернет-банка прихожу с другого ip, связной думает это нехорошо и рубит сессию
2014-12-01T19:22:56  <michail> кто нить на 22 порт на 186 сходите
2014-12-01T19:23:16  <igorek_> чем
2014-12-01T19:23:19  <igorek_> )))
2014-12-01T19:23:22  <michail> telnet сделай
2014-12-01T19:23:32  <michail> хочу проверитль провалишьс ты или нет в меня
2014-12-01T19:23:36  <igorek_> telnet 2.92.224.186 
2014-12-01T19:23:36  <igorek_> Trying 2.92.224.186...
2014-12-01T19:23:52  <snegovik1> ssh
2014-12-01T19:23:59  <igorek_> ssh 2.92.224.186
2014-12-01T19:24:02  <seik0> не шипи на меня )
2014-12-01T19:24:06  <snegovik1> ))
2014-12-01T19:24:07  <igorek_> тоже молчок
2014-12-01T19:24:10  <igorek_> а нет
2014-12-01T19:24:13  <igorek_> не молчок
2014-12-01T19:24:14  <snegovik1> у меня проваливает
2014-12-01T19:24:16  <igorek_> igorek@2.92.224.186's password: 
2014-12-01T19:24:23  <igorek_> пароль давай
2014-12-01T19:24:25  <igorek_> МИША
2014-12-01T19:24:30  <michail> стандартный
2014-12-01T19:24:33  <michail> кхаа
2014-12-01T19:24:49  <michail> под root )))
2014-12-01T19:24:54  <igorek_> ьуугаггаа
2014-12-01T19:25:07  <michail> 80.92.25.28
2014-12-01T19:25:11  <michail> вижу тебя
2014-12-01T19:25:32  <igorek_> michail@place:~$ echo "привет из солнечного Сыктыввкара" > /home/michail/YO.txt
2014-12-01T19:25:44  <michail> привет )))
2014-12-01T19:25:47  <michail> вижу
2014-12-01T19:26:03  <igorek_> а у Миши два ядра ))
2014-12-01T19:26:14  <igorek_> отключился
2014-12-01T19:26:24  <snegovik1> это ты на ноут проброс сделал?
2014-12-01T19:26:45  <michail> ну как сказать проброс
2014-12-01T19:26:47  <michail> это мой ноут )
2014-12-01T19:26:53  <snegovik1> )
2014-12-01T19:26:57  <michail> да 2 ядра lenovo t400 у меня теперь ноут
2014-12-01T19:27:04  <michail> ребята подогнали я починил теперь пользуюсь
2014-12-01T19:27:20  <michail> только usb порт один отломан, но можно заказать и перепаять гнездо
2014-12-01T19:28:13  <michail> а сижу я по l2tp в интеренете
2014-12-01T19:28:15  <igorek_> Михаил, надо Вам нормальную железку
2014-12-01T19:28:32  <michail> не не у меня эта летает
2014-12-01T19:28:47  <michail> если не компилять всякую бяку то очень шустро работает
2014-12-01T19:29:00  <michail> софта пухлогоу меня тож нет
2014-12-01T19:33:46  *** serezha has joined #lab
2014-12-01T19:40:56  *** michail has left #lab
2014-12-01T19:43:48  *** michail2 has joined #lab
2014-12-01T19:52:36  *** snegovik2 has joined #lab
2014-12-01T21:01:52  <serezha> Wall-E
2014-12-01T21:01:59  <serezha> Здравствуйте
2014-12-01T21:02:11  <serezha> а, это бот
2014-12-01T21:07:23  <seik0> .commands
2014-12-01T21:07:32  <seik0> Wall-E.commands
2014-12-01T21:07:35  <serezha> .commands
2014-12-01T21:07:44  <serezha> Wall-E.commands
2014-12-01T21:07:47  <seik0> )
2014-12-01T21:08:06  <serezha> а  как с ним работать?
2014-12-01T21:08:18  <seik0> не настроен, мб
2014-12-01T21:11:33  <seik0> .version
2014-12-01T21:11:48  <seik0> волли не заряжен
2014-12-01T21:11:55  <seik0> или не слушает нас
2014-12-01T21:14:34  <snegovik2> .history
2014-12-01T21:14:45  <snegovik2> хистори понимает
2014-12-01T21:14:51  <serezha> .history
2014-12-01T21:15:00  <serezha> :-[
2014-12-01T21:15:05  <serezha> кстати да
2014-12-01T21:15:28  <snegovik2> Сережа с ботом поздаровался)
2014-12-01T21:15:44  <dzruyk> hello Wall-E
2014-12-01T21:15:45  <serezha> чтот не рабочая история
2014-12-01T21:15:49  <serezha> :D
2014-12-01T21:15:59  <dzruyk> я выпилил все модули
2014-12-01T21:16:03  <serezha> hello Wall-E
2014-12-01T21:16:13  <dzruyk> за исключением логгирования истории
2014-12-01T21:16:34  <dzruyk> ну и того, который здоровается
2014-12-01T21:16:53  <serezha> Боря
2014-12-01T21:17:06  <serezha> А как историю посмотреть?
2014-12-01T21:17:13  <serezha> там просто он линк даёт
2014-12-01T21:17:32  <serezha> но там ничего нету
2014-12-01T21:17:35  <dzruyk> но пока хз как историю отдавать. Дело в том что когда она на много строк бот замучивается её отправлять
2014-12-01T21:17:40  <dzruyk> пока это заглушка
2014-12-01T21:17:54  <snegovik2> бот попадет в бан)
2014-12-01T21:18:09  <snegovik2> хотя если будет по частям отдавать то норм
2014-12-01T21:18:27  <dzruyk> Есть задумка отдавать историю через вёб сервер
2014-12-01T21:18:40  <serezha> не плохо же
2014-12-01T21:18:45  <dzruyk> ну т.е. бот пишет себе логи, а потом через вёб мордочку можно будет историю смотреть
2014-12-01T21:19:22  <dzruyk> ну и собственно .history должна будет отдавать линк на историю за нужный день
2014-12-01T21:21:37  <dzruyk> это конечно не самое изящное решение
2014-12-01T21:22:17  <serezha> главное, чтобы можно было читать и сохранять
2014-12-01T21:22:34  <snegovik2> да, есть зареганный домен amplab.ru, можно будет сделать chat.amplab.ru и там смотреть
2014-12-01T21:22:47  <snegovik2> да -- в смысле есть задумка
2014-12-01T21:23:02  <serezha> wiki.amplab.ru
2014-12-01T21:23:26  <seik0> .history
2014-12-01T21:24:10  <seik0> а в приват бан также работает?
2014-12-01T21:24:10  <snegovik2> .michalych
2014-12-01T21:24:15  <seik0> .cho?
2014-12-01T21:24:24  <snegovik2> .test
2014-12-01T21:24:42  <dzruyk> меня кикало, когда я оч много отправлял)
2014-12-01T21:24:54  <seik0> в общий кикает, а в приват тоже?
2014-12-01T21:25:33  <snegovik2> он себе нафлудил
2014-12-01T21:25:43  <serezha> :-D
2014-12-01T21:25:45  <snegovik2> мужественный поступок
2014-12-01T21:25:46  *** dzruyk has joined #lab
2014-12-01T21:25:50  <dzruyk> да
2014-12-01T21:25:56  <dzruyk> ток что проверил)
2014-12-01T21:26:32  <seik0> да, мы тебя проводили
2014-12-01T21:26:35  <seik0> взглядом
2014-12-01T21:28:05  *** Wall-E has joined #lab
2014-12-01T21:29:08  <dzruyk> .commands
2014-12-01T21:29:20  <serezha> .commands
2014-12-01T21:29:39  <seik0> .forTheVictory!
2014-12-01T21:29:49  <snegovik2> :-D
2014-12-01T21:29:58  <dzruyk> там куча свистелок и перделок по умолчанию есть, но чото я их на всякий отпилил
2014-12-01T21:30:56  *** serezha has quit IRC
2014-12-01T21:31:49  *** serezha has joined #lab
2014-12-01T21:32:00  <serezha> ;)
2014-12-01T21:38:50  <dzruyk> а в московии наконец-то снег выпал
2014-12-01T21:39:39  <snegovik2> а температура как?
2014-12-01T21:39:44  <snegovik2> холодно?
2014-12-01T21:39:54  <dzruyk> -5
2014-12-01T21:39:58  <dzruyk> гдето
2014-12-01T21:40:03  <dzruyk> но тут ветер неприятный
2014-12-01T21:40:20  <snegovik2> у нас -15 где-то
2014-12-01T21:41:01  <dzruyk> у вас вроде тоже снега не очень много
2014-12-01T21:41:19  <serezha> много
2014-12-01T21:41:25  <snegovik2> да)
2014-12-01T21:41:38  <serezha> можем поделиться
2014-12-01T21:42:21  <dzruyk> после нг повезу с собой снега в банке
2014-12-01T22:14:08  *** serezha has quit IRC
2014-12-01T23:40:53  <sitkarev> Мне кажется, Миша сделал опупенский дезигн.
2014-12-01T23:49:40  *** snegovik2 has quit IRC
2014-12-01T23:59:52  *** snegovik1 has joined #lab
