2014-12-02T06:58:30  *** Wall-E has joined #lab
2014-12-02T07:34:49  <sitkarev> Миш
2014-12-02T07:34:52  <sitkarev> Хорошо вышло.
2014-12-02T07:34:57  <sitkarev> Я бы сказал, что даже очень хорошо.
2014-12-02T07:35:35  <michail> ну это не вышло еще
2014-12-02T07:35:43  <michail> футер надо будет переделать
2014-12-02T07:35:52  <sitkarev> Ладно, выходит тогда.
2014-12-02T07:35:56  <michail> ну и прикрутить генерацию эту в вики
2014-12-02T07:36:22  <michail> симпотично ) и цвета я забрал с amplab
2014-12-02T07:36:30  <michail> синий такой же и серый такой же
2014-12-02T07:36:43  <michail> чтобы было в одних цветах
2014-12-02T07:39:04  <michail> так тогда надо утвердить, что будет в верхней панельке, что будет в овалах
2014-12-02T07:39:16  <sitkarev> Я посмотрел text2man, вот, там у меня так было сделано интересно.
2014-12-02T07:39:29  <sitkarev> Там на каждую секцию была своя функция.
2014-12-02T07:39:46  <sitkarev> Положим, секция SYNOPSYS, там было enter_synopsis/quit_synopsis пара ф-й.
2014-12-02T07:39:47  <sitkarev> И т. д.
2014-12-02T07:39:58  <sitkarev> enter_literal_block/quit_literal_block.
2014-12-02T07:41:03  <michail> у awk есть финт типо /enter_literal/,/quit_literal/ { do something }
2014-12-02T07:41:12  <michail> может вот такой матер делать
2014-12-02T07:41:33  <sitkarev> )
2014-12-02T07:41:41  <sitkarev> Это названия ф-й уже в реализации.
2014-12-02T07:41:46  <sitkarev> А не разметка ))
2014-12-02T07:41:50  <michail> аа я понял
2014-12-02T07:41:50  <sitkarev> Разметки там по сути не было.
2014-12-02T07:42:17  <sitkarev> Там вообще обильно и по делу комментарии рассыпаны.
2014-12-02T07:42:22  <sitkarev> Я вот просто думаю, есть два варианта.
2014-12-02T07:42:35  <sitkarev> Сделать text2html или же добавить туда что-то.
2014-12-02T07:42:39  <sitkarev> Или же второй вариант.
2014-12-02T07:43:00  <sitkarev> Сделать text2any и в конкретной реализации иметь функции-крюки (hooks).
2014-12-02T07:46:53  <michail> я тут подумал над такой вещью, по идеи странички называют как файл в data FrontPage, мы говорли про доп разметку например на asciidoc, это вроде как разширение, но делать *.asciidoc как то некрасиво тогда ссылка будет некрасивая. Можно сделать типо шебанг !#asciidoc сверху странички в первой строке, чтобы указать кто будет рендерить.
2014-12-02T07:47:01  <michail> Если нет строки значит рендерим по умолчанию
2014-12-02T07:47:10  *** wolong has joined #lab
2014-12-02T07:47:12  <sitkarev> Хорошая идея.
2014-12-02T07:47:14  <michail> если например есть, то дергаем прогу
2014-12-02T07:47:25  <sitkarev> Но про ссылку я говорил вот в каком ключе.
2014-12-02T07:47:30  <sitkarev> Ссылка всегда красивая.
2014-12-02T07:47:42  <sitkarev> А вот проверка будет по приоритету разметок на наличие файла с расширением.
2014-12-02T07:47:55  <sitkarev> Я думаю, можно без !# обойтись, потому что они у нас всё же не исполняемые.
2014-12-02T07:48:03  <sitkarev> А вот формат комментария можно сменить.
2014-12-02T07:48:46  <sitkarev> Я имею в виду, в первой строке #@asciidoc положим
2014-12-02T07:48:54  <sitkarev> Или #@text2html
2014-12-02T07:49:06  <michail> ну да пойдет
2014-12-02T07:49:19  <sitkarev> Это пока не столь принципиально, я думаю.
2014-12-02T07:49:25  <sitkarev> Запустить надо на том, что заработает.
2014-12-02T07:49:27  <michail> это да мысли просто
2014-12-02T07:49:28  <sitkarev> Остальное потом.
2014-12-02T07:49:37  <sitkarev> Дело в том, что тот же text2man был заточен для обработки исходников на Си.
2014-12-02T08:23:52  *** Igorek has joined #lab
2014-12-02T08:25:40  <sitkarev> Короче, надо новый парсер с нуля делать, вот что
2014-12-02T08:25:59  <sitkarev> Потому что text2man был заточен под представление, близкое к man-странице в исходном варианте.
2014-12-02T08:26:07  <sitkarev> Это включало в себя отступы для параграфа.
2014-12-02T08:29:06  <michail> если будут силы буду продолжать сегодня, думаю осталось не так много
2014-12-02T08:29:22  <michail> возможно к конце неделю выкатим, что можно будет запускать
2014-12-02T08:29:59  <michail> дальше будем пилить по ходу
2014-12-02T09:18:02  <wolong> Wall-E: привет
2014-12-02T09:22:11  <wolong> Hello, Wall-E!
2014-12-02T09:22:48  <wolong> Wall-E, hello!
2014-12-02T09:22:48  <wolong> сломался что ли. 
2014-12-02T09:23:07  <wolong> даже бот со мной не хочет говорить. 
2014-12-02T09:26:15  <michail> у бота есть команды?
2014-12-02T09:26:36  <michail> можно к нему обратиться или он только пока есть
2014-12-02T10:07:10  <wolong> он должен на hello, Wall-E отвечать. и есть .history но там пока заглушка. 
2014-12-02T10:11:47  <Igorek> ничего не отвечает
2014-12-02T10:11:49  <Igorek> как писать надо?
2014-12-02T10:13:59  <wolong> не в курса. лучше у Бори спросить. 
2014-12-02T10:14:58  <michail> точка хистори
2014-12-02T10:15:05  <michail> в личку вроде линком мне ответил
2014-12-02T10:15:10  <michail> на хеллоу молчек
2014-12-02T10:16:42  <wolong> я тоже хотел сним поговорить. он только Боре fuck you отвечает.
2014-12-02T10:17:30  <Igorek> )
2014-12-02T10:20:41  *** sitkarev has quit IRC
2014-12-02T10:20:56  *** wolong has quit IRC
2014-12-02T10:22:42  *** wolong has joined #lab
2014-12-02T10:23:07  <wolong> в привате и со мной щаговорил-)
2014-12-02T11:40:52  <wolong> сегодня-таки день банковского работника. поздравляйте кровопийцев. 
2014-12-02T12:05:00  <serezha_mob> Hello Wall-E
2014-12-02T12:06:53  <michail> Hello Wall-E
2014-12-02T12:10:40  <Igorek> Hello Wall-E
2014-12-02T12:10:59  <Igorek> пздр, wolong
2014-12-02T12:15:50  <wolong> спс!
2014-12-02T12:16:10  <Igorek> :-D
2014-12-02T12:16:22  <wolong> Hello Wall-E!
2014-12-02T12:16:23  <michail> я помню в универе когда еще активно народ пользовался icq, у меня было несколько ботов у которых можно было что-то узнать, погоду, анекдоты тоже были ))
2014-12-02T12:17:11  <michail> нам тоже надо бота-петросяна 
2014-12-02T12:17:21  <wolong> а мне снова не ответил. 
2014-12-02T12:17:42  <Igorek> воскл знак убери
2014-12-02T12:19:41  <wolong> Hello Wall-E
2014-12-02T12:19:51  <michail> ура ура ура
2014-12-02T12:20:31  <snegovik> Hello Wall-E
2014-12-02T12:21:05  <wolong> офигенно! а если я его стукну, то он станет серо-буро-малиновый в крапинку. 
2014-12-02T13:10:15  *** Ivan has joined #lab
2014-12-02T13:23:41  *** wolong has quit IRC
2014-12-02T13:46:22  *** bulaleks has joined #lab
2014-12-02T14:10:32  *** wolong has joined #lab
2014-12-02T14:33:53  *** bulaleks1 has joined #lab
2014-12-02T14:42:51  *** bulaleks has quit IRC
2014-12-02T14:48:10  *** serezha has joined #lab
2014-12-02T14:56:37  *** michail has left #lab
2014-12-02T15:01:03  <seik0> Ребята, человек с КЗОИ спрашивает где бы он мог пройти производственную практику по специальности. Есть у кого-нибудь идеи?
2014-12-02T15:01:20  <seik0> в отдел К не взяли, сказали с белым билетом не берут
2014-12-02T15:11:45  *** Egor has joined #lab
2014-12-02T15:37:44  *** sitkarev-mobile has joined #lab
2014-12-02T15:38:05  <sitkarev-mobile> .history
2014-12-02T15:38:24  <serezha> .history
2014-12-02T15:49:21  *** s3my0n has joined #lab
2014-12-02T15:51:50  <Egor> что значит .history&
2014-12-02T15:52:03  <serezha> команда для бота
2014-12-02T15:52:28  *** wolong2 has joined #lab
2014-12-02T15:52:48  <Egor> .history
2014-12-02T15:53:41  *** sitkarev-mobile has quit IRC
2014-12-02T15:53:58  *** sitkarev-mobile has joined #lab
2014-12-02T15:55:51  *** wolong has quit IRC
2014-12-02T16:12:36  *** wolong2 has quit IRC
2014-12-02T16:20:54  *** sitkarev-mobile2 has joined #lab
2014-12-02T16:29:26  *** sitkarev-mobile has quit IRC
2014-12-02T16:33:32  *** Egor has quit IRC
2014-12-02T16:35:34  *** wolong has joined #lab
2014-12-02T16:35:44  <wolong> .history
2014-12-02T16:36:59  *** wolong2 has joined #lab
2014-12-02T16:39:41  <snegovik1> .history
2014-12-02T16:41:06  *** sitkarev-mobile2 has quit IRC
2014-12-02T16:41:08  *** sitkarev-mobile has joined #lab
2014-12-02T16:45:46  *** wolong has quit IRC
2014-12-02T16:47:01  *** wolong2 has quit IRC
2014-12-02T17:20:55  *** wolong has joined #lab
2014-12-02T17:22:03  <wolong> .history
2014-12-02T17:29:38  *** michail has joined #lab
2014-12-02T18:03:03  *** Ivan has quit IRC
2014-12-02T18:03:16  *** s3my0n has quit IRC
2014-12-02T18:06:35  <wolong> всем привет!
2014-12-02T18:07:17  <snegovik1> привет
2014-12-02T18:08:13  <wolong> пацанчики, айда в министры Украины!
2014-12-02T18:08:27  <wolong> там всех берут.
2014-12-02T18:10:39  <snegovik1> удаленка есть?
2014-12-02T18:10:48  <serezha> :-D
2014-12-02T18:11:05  <snegovik1> куда резюме отправлять?
2014-12-02T18:13:38  <serezha> P.Poroshenko@whitehouse.gov
2014-12-02T18:21:07  <wolong> не забудьте приложить справку из синагоги и рекомендации из Лэнгли. 
2014-12-02T18:22:31  <michail> баяните
2014-12-02T18:31:26  <dzruyk> Всем здрасьте. Странно, раньше всех брали в отдел К.
2014-12-02T18:32:15  <snegovik1> привет
2014-12-02T18:32:20  <dzruyk> учитывая характер самой практики
2014-12-02T18:33:48  *** bulaleks1 has quit IRC
2014-12-02T18:34:25  <wolong> а что там за практика была? каков характер?
2014-12-02T18:35:48  <dzruyk> профессиональный понятой
2014-12-02T18:38:53  <wolong> ? ч0?
2014-12-02T18:48:56  *** wolong has quit IRC
2014-12-02T18:53:46  *** wolong has joined #lab
2014-12-02T19:07:11  <seik0> .commands
2014-12-02T19:08:57  <serezha> :O
2014-12-02T19:09:07  <serezha> а нет
2014-12-02T19:13:31  *** michail has left #lab
2014-12-02T19:13:37  *** wolong has quit IRC
2014-12-02T19:13:51  *** wolong has joined #lab
2014-12-02T19:14:01  <wolong> снова привет, товарищи!
2014-12-02T19:14:44  <seik0> аха, и тебе )
2014-12-02T19:22:00  <serezha> Привет
2014-12-02T19:22:56  <snegovik1> снова привет!
2014-12-02T19:24:20  <wolong> вместе на одного, да?
2014-12-02T19:24:31  <seik0> ну ты первый начал
2014-12-02T19:36:26  <wolong> ладно, все мир.
2014-12-02T20:01:54  *** sitkarev-mobile2 has joined #lab
2014-12-02T20:07:04  <serezha> Григорий Саныч?
2014-12-02T20:09:26  *** sitkarev-mobile has quit IRC
2014-12-02T20:22:06  *** sitkarev-mobile2 has quit IRC
2014-12-02T20:22:20  <wolong> всем добрых!
2014-12-02T20:22:22  *** wolong has quit IRC
2014-12-02T20:22:54  *** sitkarev-mobile has joined #lab
2014-12-02T20:30:49  <serezha> Григорий Саныч
2014-12-02T21:07:19  *** seik1 has joined #lab
2014-12-02T21:13:01  *** seik0 has quit IRC
2014-12-02T21:26:06  *** seik1 has quit IRC
2014-12-02T22:03:21  *** serezha has quit IRC
2014-12-02T23:51:56  *** snegovik1 has quit IRC
