2014-12-05T00:16:00  *** sitkarev-mobile2 has joined #lab
2014-12-05T00:20:13  *** sitkarev-mobile has quit IRC
2014-12-05T00:36:13  *** sitkarev-mobile2 has quit IRC
2014-12-05T00:38:14  *** sitkarev-mobile has joined #lab
2014-12-05T01:01:37  *** sitkarev-mobile2 has joined #lab
2014-12-05T01:08:39  *** sitkarev-mobile has quit IRC
2014-12-05T01:16:49  *** sitkarev-mobile2 has quit IRC
2014-12-05T01:27:13  *** sitkarev-mobile has joined #lab
2014-12-05T05:07:44  *** michail has joined #lab
2014-12-05T05:16:38  *** seik0 has joined #lab
2014-12-05T05:48:09  *** seik0 has quit IRC
2014-12-05T06:03:54  *** wolong2 has quit IRC
2014-12-05T06:37:51  *** sitkarev has joined #lab
2014-12-05T06:37:59  <sitkarev> Всем привет
2014-12-05T06:38:15  <michail> доброе
2014-12-05T06:51:02  <Igorek> йо
2014-12-05T06:51:26  *** seik0 has joined #lab
2014-12-05T06:59:51  <snegovik> доброе утро
2014-12-05T07:05:23  <sitkarev> Сейчас запустил клиент-банк и плачу из импортированных платёжек.
2014-12-05T07:05:39  <sitkarev> И вот думаю, до чего же ублюдско делают софт.
2014-12-05T07:06:01  <sitkarev> Я бы сделал клиент-банк в виде утилит, чтобы можно было писать скрипты.
2014-12-05T07:06:12  <sitkarev> Я не могу этого сделать, потому что у них web-интерфейс.
2014-12-05T07:06:29  <Igorek> разбери его
2014-12-05T07:06:38  <sitkarev> Мне чтобы однотипные операции сделать -- отправка платёжных поручений -- нужно отдельно кликать на них на всех, нажимать "Отправить", подтверждать и т. д.
2014-12-05T07:09:54  <sitkarev> Потому что я не могу сказать там for i in $(clib -l draft); do ...; done
2014-12-05T07:10:34  <sitkarev> И меня это вымораживает. А мне вот интересно, если у меня на фирме 100 человек работает, они что, в бухгалтерии, вот каждому работнику отдельно платёжку подтверждают, их там 4 штуки на каждого?
2014-12-05T07:10:59  <Igorek> в сбере бывает и так с новым их клиент-банком
2014-12-05T07:11:25  <sitkarev> Что, реально что-ли?
2014-12-05T07:11:40  <sitkarev> Игорян, что, правда что-ли?
2014-12-05T07:11:44  <sitkarev> Но ведь это же кретинизм.
2014-12-05T07:12:01  <Igorek> ну не совсем так, обычно пачкой можно сэкспортить откудато в спец формате
2014-12-05T07:12:03  <sitkarev> Это же делать из себя героев там, где по существу, нужно просто сделать один раз и всё.
2014-12-05T07:12:11  <michail> да нет там пачкой выгрузка идет
2014-12-05T07:12:15  <sitkarev> Да у меня сделан импорт, я имею в виду, что отправка.
2014-12-05T07:12:58  <michail> Игорь вспомни, какой-то гавнософт Сберыча, или еще кого, по диалапу дозвон, и передача данных
2014-12-05T07:13:11  <michail> но перед этим на сколько я понимаю эти данные выгружены в формате заданном
2014-12-05T07:13:16  <Igorek> но если много разных  платежей разным контрагентам, то в новом интерфейсе (клиент-банке), что то такое есть о чем Г.А. говорит
2014-12-05T07:13:22  <Igorek> (10:12:03) Igorek: ну не совсем так, обычно пачкой можно сэкспортить откудато в спец формате
2014-12-05T07:13:37  <Igorek> Миша, они отказываются от диалапа
2014-12-05T07:14:11  <sitkarev> Я это к тому, что там надо накликивать кучу всего. Зачем это??? Делать из элементарного счетоводства героизм.
2014-12-05T07:15:46  <michail> С другой стороны это ж и расчитано не на скриптописателя
2014-12-05T07:15:54  <michail> я думаю у них должно быть некое апи все же
2014-12-05T07:16:03  <michail> если доросли они до передачи чегото через инет
2014-12-05T07:16:25  <sitkarev> Короче, маразм классический, потому что GUI centric approach.
2014-12-05T07:17:56  <sitkarev> Я просто думаю за фирмы, у которых вот такой же клиент банк. И они делают импорт из какой-то БС платёжек, чтобы заплатить налоги за сотрудников.
2014-12-05T07:18:00  <sitkarev> Они ведь реально сидят и кликают.
2014-12-05T07:18:12  <sitkarev> На каждого сотрудника 4 платёжки, на все надо сделать не один клик.
2014-12-05T07:18:35  <sitkarev> И это "героизм" бухгалтеров очередной.
2014-12-05T07:19:42  <michail> У бухгалтеров потом вырабатывается такой тремор в указательном пальце кликательном
2014-12-05T07:19:48  <sitkarev> Думаю, да.
2014-12-05T07:19:53  <sitkarev> Но ведь это же Сизифов труд.
2014-12-05T07:20:45  <sitkarev> Я думаю, реально сделать так, чтобы вообще бухгалтеров не было.
2014-12-05T07:20:59  <sitkarev> Если первичка вводится.
2014-12-05T07:21:02  <Igorek> с нашим правительствоми 0 нет
2014-12-05T07:21:16  <sitkarev> Пофему? ))
2014-12-05T07:21:40  <sitkarev> Игорян, вот представь, как бы задышалось спокойно ))) Если бы на комбинате не стало бухгалтерии.
2014-12-05T07:21:56  <Igorek> потому что скорость принятия новых законодательных актов очень высокая и адаптироваться надо...
2014-12-05T07:21:59  <michail>  я расскажу другую тему ) было это еще в универе, была такая контора там КРУЦ, удостоверяющий центр, Полуботко там заведывал всем. Так вот там тоже был софт, типо сертифицированный с подписями email. Софт вис переодически и нужно было делать перезаливку почты именно через гуй в другую папку. Сервер был черный ящик и нельзя было файлы в шеле скопировать.
2014-12-05T07:22:06  <Igorek> потм налогоавая кошмарит постоянно
2014-12-05T07:22:17  <michail> Так вот ребята написали прогу под винду чтобы обкликивать определенные области экрана
2014-12-05T07:22:30  <sitkarev> Я вот как раз хотел сказать про такой софт, Миш ))))
2014-12-05T07:22:32  <michail> и перемещать тысячи писем автоматизировано
2014-12-05T07:22:41  <sitkarev> Про то, что такая политика приводит к тому, что делают обкликивающий софт ))))))
2014-12-05T07:22:42  <michail> эмулирую пользователя
2014-12-05T07:22:50  <michail> ну так и есть, сам видел
2014-12-05T07:22:51  <sitkarev> Миш, но ведь это же бред.
2014-12-05T07:23:01  <michail> это даже так не называется ) тютю
2014-12-05T07:23:01  <sitkarev> Это ублюдочностью
2014-12-05T07:24:00  <michail> кхаа ) там был режим мастера сначал показываешь что кликать, потом таймаут ставаишь между кликами и запускаешь
2014-12-05T07:24:06  <michail> и уходишь на пол часа
2014-12-05T07:24:13  <sitkarev> Какая низостью
2014-12-05T07:24:38  <sitkarev> В прочем, это вы ещё не видели АРМы Минэнерговские.
2014-12-05T07:25:38  <sitkarev> Так вот, на счёт API, про который Игорь говорит.
2014-12-05T07:25:45  <Igorek> а
2014-12-05T07:25:45  <sitkarev> А зачем мне чей-то чужой API?
2014-12-05T07:25:46  <michail> тема конечно стремная очень, мне жалко иногда людей, помню тож на комитекс приходил парень из банка, в костюме, немного манерный ставить клиент банк. Он был специалистом именно по этому утилите графической
2014-12-05T07:25:50  <sitkarev> Почему я должен привязываться на него?
2014-12-05T07:25:57  <michail> и так наверное годами можно быть спецом утилиты одной
2014-12-05T07:26:06  <michail> грустно это очень
2014-12-05T07:26:10  <sitkarev> Какого чёрта я должен именно его использовать и всё окружение исполнения, на который он завязан?
2014-12-05T07:26:19  <sitkarev> Я хочу работать с текстом, просто с текстом.
2014-12-05T07:26:26  <sitkarev> Потому что я просто хочу писать сценарии на shell.
2014-12-05T07:26:41  <sitkarev> И мне до лампочки должно быть, какие там у кого API. Я хочу, чтобы их не было.
2014-12-05T07:26:49  <sitkarev> Да, я видел таких людей, Миш.
2014-12-05T07:26:56  <Igorek> аа..нуда...
2014-12-05T07:26:56  <Igorek> нет, нельзя)))
2014-12-05T07:26:56  <Igorek> я ж говорю .. разбери html ))) 
2014-12-05T07:26:56  <Igorek> типа они гарантируют на своем вебе секурность
2014-12-05T07:27:32  <michail> наверное самое печальное, что веб теперь используется как транспорт, хотя может не самый плохой вариант
2014-12-05T07:27:33  <sitkarev> Я хочу, чтобы никто мне не тыкал в лицо своими API.
2014-12-05T07:27:43  <michail> но костылей там накручено, чего там изначально небло
2014-12-05T07:28:10  <sitkarev> Надо развивать альтернативную культуру постановки и решения задач.
2014-12-05T07:28:17  <sitkarev> Иначе это безобразие похоронит нас.
2014-12-05T07:28:28  <sitkarev> Вот смотрите, как из-за этого безобразия пухнут бюджеты ИТ.
2014-12-05T07:28:30  <sitkarev> А ведь этого не должно быть.
2014-12-05T07:29:24  <michail> ну ИТ такая штука, что там пухнет бюджет, особенно в определеных конторах, потому что кто-то хочет украсть побольше, а не сделать чтобы работало
2014-12-05T07:29:38  <michail> вобще дело сейчас именно в этом, хотят ЗАРАБОТАТЬ а не сделать
2014-12-05T07:29:57  <michail> можно 10 лет делать и не сделать, но купить 2 квартиры, посторить дачу и ездить на хорошей машине
2014-12-05T07:30:03  <michail> целеполаагание такое
2014-12-05T07:30:49  <sitkarev> А я вижу другую тенденцию.
2014-12-05T07:30:51  <sitkarev> )))
2014-12-05T07:30:55  <sitkarev> И мы должны её поддержать.
2014-12-05T07:31:09  <sitkarev> Мутных будут давить и выдавливать. Просто пока кадров не хватает, чтоб их заменить.
2014-12-05T07:31:11  <sitkarev> Но это будет.
2014-12-05T07:31:43  <michail> А вот другой вопрос, как их будут давить, если давящих можно как лошью развести?
2014-12-05T07:31:55  <sitkarev> Это не давящие.
2014-12-05T07:31:59  <sitkarev> Если их можно развести )))
2014-12-05T07:32:07  <michail> ну тогда соглашусь
2014-12-05T07:32:52  <sitkarev> Повторюсь, большинство руководителей ИТ, которых я знал, -- жулики.
2014-12-05T07:33:04  <michail> канеш )
2014-12-05T07:33:58  <dzruyk2> Вопрос: если бы у нас было классное апи и возможность консольной тулзой переводить кучу бабла с кошелька на кошелёк, не привело бы это к чему-нибудь нехорошему?
2014-12-05T07:34:08  <sitkarev> Боря
2014-12-05T07:34:25  <sitkarev> Как ты сам думаешь?
2014-12-05T07:34:30  <dzruyk2> ну т.е. сейчас злым дядькам чтобы стырить бабло нужно писать софт который в бровзер внедряется
2014-12-05T07:35:02  <sitkarev> Как ты думаешь, что проще сделать надёжным -- простой софт или баги в браузере?
2014-12-05T07:35:31  <sitkarev> Все транзакции между клиентом-банком подписываются криптографическими средствами.
2014-12-05T07:35:42  <dzruyk2> а что выступает в роли ключа?
2014-12-05T07:35:55  <dzruyk2> токен какой-нибудь?
2014-12-05T07:36:01  <sitkarev> Липин, ты думаешь, мы предлагаем голой задницей в бассейн с пираньями что-ли лезть?
2014-12-05T07:36:09  <sitkarev> Нет, ну, правда?
2014-12-05T07:36:21  <sitkarev> Ты думаешь, нет средств технических для того, чтобы осуществить то, что мы хотим?
2014-12-05T07:36:31  <sitkarev> Это решённые задачи, вторичны они.
2014-12-05T07:36:35  <dzruyk2> я спрашиваю как бы вы сделали
2014-12-05T07:36:42  <dzruyk2> потому что не знаю ответа
2014-12-05T07:36:46  <sitkarev> Да какая разница, как бы я сделал, это зависит от конкретного случая.
2014-12-05T07:36:55  <sitkarev> Заметь, диплом защитника информации у тебя, а не у меня )))
2014-12-05T07:37:12  <sitkarev> Это не суть важно.
2014-12-05T07:37:27  <michail> ну смотрите, вариантов то немного, ну пусть будет файл, ну пусть будет регламентировано на отделном носители
2014-12-05T07:37:29  <sitkarev> Будет это свисток в USB или отпечаток пальца, запускающео сценарий ))
2014-12-05T07:37:30  <michail> дискета или флешка
2014-12-05T07:38:02  <sitkarev> Откуда взялась глупость, что "через браузер -- надёжнее?"
2014-12-05T07:38:43  <sitkarev> Наверное, чтобы толкать свои продукты, какой-то маркетинг )))
2014-12-05T07:39:16  <michail>  такова тенденция, все впихнуть в браузер, и ни какого маркетинга, вот тебе бразуер, не думай а платформах
2014-12-05T07:39:31  <michail> ну надо правда сделать кросс браузерность, что тоже наверное гемор отчасти
2014-12-05T07:39:33  <sitkarev> Вообще защита транзакции между клиентом-банком, -- это отдельная задача. Пусть конкурируют там изготовители продуктов.
2014-12-05T07:39:34  <michail> но тем немнее
2014-12-05T07:39:42  <sitkarev> Мне нужно только, чтобы это была опять же утилита.
2014-12-05T07:39:47  <sitkarev> Чтобы я взял поток байтов и получил поток байтов.
2014-12-05T07:40:07  <sitkarev> И переслал его, куда надо. Если надо так, то пусть это будет их протокол.
2014-12-05T07:40:23  <sitkarev> Но не надо лезть ко мне со своими "только через интерфейс" и диктовать мне "вот наш замечательный API".
2014-12-05T07:41:06  <sitkarev> Почему? Потому что сложность задачи такой типовой конторской решается на уровне сценария (скрипта).
2014-12-05T07:41:11  <dzruyk2> если есть возможность выполнить произвольный код на тачке то пофиг что там пользователь в качестве ключа использует. Вкорячу я лишнюю строчку в секурный баш скрипт которые запускают секурные тулзы и буду профит с этого получать
2014-12-05T07:41:43  <sitkarev> Ты не будешь получать профит, потому что твои транзакции будут заблокированы.
2014-12-05T07:42:18  <dzruyk2> почему это?
2014-12-05T07:42:21  <sitkarev> Если ты получил доступ к машине, то можешь считать что ей уже каюк.
2014-12-05T07:42:44  <sitkarev> Да потому что ))) Ты правда думаешь, что деньги если кто-то куда-то перевёл, то "уже ВСЁ"? ))
2014-12-05T07:43:14  <sitkarev> Защита -- это комплекс мер, в т. ч. и со стороны банка на предмет контроля куда и что уходило подозрительного.
2014-12-05T07:43:14  <dzruyk2> на сколько увеличится поток ложных транзакций если все перелезут на скрипты?
2014-12-05T07:43:17  <sitkarev> Это всегда комплекс мер.
2014-12-05T07:43:19  <dzruyk2> разумеется
2014-12-05T07:43:20  <dzruyk2> блин
2014-12-05T07:43:23  <dzruyk2> мне на работу пора)
2014-12-05T07:43:29  <sitkarev> Боря, ты извини, конечно, но ты иногда ведёшь себя как дятел.
2014-12-05T07:43:33  <dzruyk2> ок)
2014-12-05T07:44:17  <michail> хорошо поговорили как )
2014-12-05T07:44:25  <sitkarev> Да ))
2014-12-05T07:45:00  *** sitkarev-mobile2 has joined #lab
2014-12-05T07:45:47  <sitkarev> Просто вообще-то речь шла не о том, как защитить транзакции.
2014-12-05T07:45:54  <sitkarev> А вообще о подходе к проектированию таких систем.
2014-12-05T07:46:09  <sitkarev> А защита -- это всегда комплекс мер.
2014-12-05T07:46:46  <sitkarev> Кражи ключей, вредоносный софт и т. д. -- это всегда неизбежность.
2014-12-05T07:47:02  <sitkarev> Так вот, сейчас, например, даже перевод делаешь на физлицо со счёта -- уже с банка звонят.
2014-12-05T07:47:11  <sitkarev> Сразу почти, как платёжку отправил.
2014-12-05T07:47:11  <michail> интерсно у сберыча покупная система или один девелопят
2014-12-05T07:47:27  <michail> *они
2014-12-05T07:49:19  <sitkarev> Почему защита ни там ни там не гарантия? Да потому что машина вынуждена работать с данными в открытом виде, так или иначе. Они ходят по шине данных, лежат в регистрах и т. п.
2014-12-05T07:50:09  <sitkarev> У Бори просто уже профессиональная деформация личности начинается, надо ему сбегать из Каспера ((((
2014-12-05T07:50:39  <snegovik> Хочу сказать немного про другое. Я от друга слышал, который там работает. Что у сбера есть своя библитека, грубо говоря книжки по финансам. Они их обязанны читать, повышать свой профессиональный уровень.  Это грубо говоря книги которыей рекомендовал Греф.
2014-12-05T07:50:49  <michail> Боря наверное теперь совсем шарит как инсадится
2014-12-05T07:51:09  <snegovik> хацкер
2014-12-05T07:51:12  <sitkarev> Я даже знаю, что там написано.
2014-12-05T07:51:17  <sitkarev> В этих книжках ))
2014-12-05T07:51:55  <snegovik> надеюсь что-то полезное)
2014-12-05T07:52:13  <sitkarev> Да, называется "наука для клерков".
2014-12-05T07:52:26  <sitkarev> Очень полезна реальным хозяевам системы, т. к. гарантирует предсказуемое поведение стада.
2014-12-05T07:53:26  <snegovik> я думаю много где такое есть, в смыле чтива) база знаний типа
2014-12-05T07:53:29  *** sitkarev-mobile has quit IRC
2014-12-05T07:54:04  <sitkarev> Да любое "образование" в сфере гуманитарных наук -- это наука для клерков, Лёш.
2014-12-05T07:54:18  <sitkarev> Потому что реальные управленческие знания -- достояние "элит", но этот порядок теперь ломается.
2014-12-05T07:54:35  <michail> Саныч, когда перелом реальный будет?
2014-12-05T07:54:39  <sitkarev> Откуда и истоки истерики Грефа в связи с утратой стратификации и просачиванием управленчески значимой информации вниз.
2014-12-05T07:54:54  <sitkarev> Он уже случился, если вы не видели. Просто процесс будет плавный, я уже много раз говори, плавно надо, не надо резко.
2014-12-05T07:55:01  <sitkarev> Нам не нужны потрясения, а для этого надо плавно.
2014-12-05T07:56:30  <sitkarev> Скорость этого перелома, кстати, и от вас зависит.
2014-12-05T07:57:31  <sitkarev> И всё будет хорошо ))))
2014-12-05T08:02:07  <sitkarev> Как вы думаете, на машине, которая обрабатывала бы такие транзакции в банк, был бы доступ в интернет, обычных пользователей и т. п.? ))
2014-12-05T08:02:57  <sitkarev> На которую Липин собирается "вкорячивать строчки" в скрипты?
2014-12-05T08:02:59  <sitkarev> ))
2014-12-05T08:04:38  <michail> на сколько я понял, он говорил про машину пользователя и про пользовательские скрипты
2014-12-05T08:08:07  <sitkarev> У нас весь смысл и был в том, чтобы пользователя убрать вообще.
2014-12-05T08:08:10  <sitkarev> Его не будет.
2014-12-05T08:12:37  <sitkarev> Знаете, почему в СССР такие мошенничества в принципе не были осуществимы?
2014-12-05T08:12:44  <sitkarev> Потому что была трёхконтурная система финансовая.
2014-12-05T08:12:59  <sitkarev> Обналичить деньги, которые ходили между предприятиями, было невозможно.
2014-12-05T08:13:03  <sitkarev> До перестройки и кооперативов.
2014-12-05T08:13:40  <sitkarev> Счетоводство банковское было просто инструментом управления, макроэкономикой.
2014-12-05T08:13:43  <snegovik> это как раз и было причиной перестройки
2014-12-05T08:13:52  <snegovik> стоит завод а присвоить нельзя
2014-12-05T08:13:53  <sitkarev> Да, Лёш, ну, т. е. и в том числе.
2014-12-05T08:13:55  <sitkarev> Да.
2014-12-05T08:14:03  <sitkarev> Обналичить его нельзя )))
2014-12-05T08:14:09  <sitkarev> Перевести в предметы роскоши и т. п.
2014-12-05T08:14:34  <sitkarev> Положим, получил ты доступ к системе банковских переводов юрлица, а что толку, если ты не можешь их обналичить?
2014-12-05T08:14:34  <sitkarev> )))
2014-12-05T08:15:21  <michail> ну сейчас сложнее все, можно перводить из системы в систему если никто твою первую транзакцию не забанит.
2014-12-05T08:15:29  <michail> ну и по безналу преобести что то
2014-12-05T08:15:43  <michail> всекие виртуальные деньги
2014-12-05T08:15:52  <michail> главное на самом первом шаге их увести
2014-12-05T08:15:59  <michail> а потерять их можно быстро очень
2014-12-05T08:16:44  <sitkarev> Ну, для такого "безнала" тоже можно контур ввести.
2014-12-05T08:17:07  <sitkarev> Просто речь была о том, что на рынках конечного потребления и для производства -- разные системы.
2014-12-05T08:17:11  <sitkarev> Они не пересекаются.
2014-12-05T08:17:15  <sitkarev> Нельзя из одной в другую.
2014-12-05T08:17:16  <sitkarev> Никак.
2014-12-05T08:17:32  <sitkarev> На конечный рынок только из зарплаты.
2014-12-05T08:17:43  <sitkarev> Т. е. и нетрудовые доходы тоже исключаются.
2014-12-05T08:17:45  <sitkarev> ))))
2014-12-05T08:17:51  <sitkarev> Что и было причиной перестройки.
2014-12-05T08:17:56  <sitkarev> Жрать шоколад можно только под одеялом.
2014-12-05T08:18:05  <michail> конечно палево это )
2014-12-05T08:18:29  <sitkarev> У Борьки просто мозг работает знаешь как?
2014-12-05T08:18:33  <sitkarev> Он видит не прикладную задачу.
2014-12-05T08:18:39  <michail> с дуру или от большого ума как бы так же не получилось, можно перерегламентировать
2014-12-05T08:19:05  <sitkarev> Он видит нечто, что надо "забороть и победить".
2014-12-05T08:20:16  <sitkarev> Так вот, Миш, в СССР нетрудовой доход он материализовывался в сфере доступа к потреблению.
2014-12-05T08:20:28  <sitkarev> Т. е. монетизировался он в привилегированном потреблении.
2014-12-05T08:20:29  *** sitkarev-mobile2 has quit IRC
2014-12-05T08:20:38  <sitkarev> Может быть я не совсем точен здесью
2014-12-05T08:20:42  <sitkarev> Но вы приблизительно поняли, о чём я.
2014-12-05T08:21:08  <sitkarev> Были категории товаров и услуг, недоступных простому смертному.
2014-12-05T08:21:22  <sitkarev> Может быть у тебя даже были деньги, которые ты заработал, и мог бы потратить на них.
2014-12-05T08:21:27  <sitkarev> Но тебе просто они были недоступны и всё
2014-12-05T08:24:41  *** sitkarev-mobile has joined #lab
2014-12-05T08:24:43  <sitkarev> Только через спецраспределители.
2014-12-05T08:24:59  <sitkarev> Или из-под полы.
2014-12-05T08:25:18  <sitkarev> У них ещё был принцип "ты мне -- я тебе".
2014-12-05T08:25:25  <sitkarev> Т. е. своеобразный бартер.
2014-12-05T08:57:57  *** sitkarev-mobile2 has joined #lab
2014-12-05T09:05:14  *** sitkarev-mobile has quit IRC
2014-12-05T09:06:34  <michail> по поводу браузера еще, тут же есть еще любители чтобы работало только по IE, корейцы фанатеют от осла и все их порталы работают только на осле
2014-12-05T09:06:37  <michail> отрыжка
2014-12-05T09:08:12  *** wolong has joined #lab
2014-12-05T09:19:14  *** sitkarev-mobile has joined #lab
2014-12-05T09:23:14  *** sitkarev-mobile2 has quit IRC
2014-12-05T09:29:47  *** sitkarev-mobile2 has joined #lab
2014-12-05T09:39:29  *** sitkarev-mobile has quit IRC
2014-12-05T09:42:19  *** michail has left #lab
2014-12-05T09:50:18  *** sitkarev-mobile has joined #lab
2014-12-05T09:52:59  *** sitkarev-mobile2 has quit IRC
2014-12-05T09:53:10  *** sitkarev-mobile2 has joined #lab
2014-12-05T10:00:19  *** sitkarev-mobile has quit IRC
2014-12-05T10:22:26  *** sitkarev-mobile has joined #lab
2014-12-05T10:23:34  *** sitkarev-mobile2 has quit IRC
2014-12-05T10:46:02  *** sitkarev-mobile2 has joined #lab
2014-12-05T10:52:49  *** sitkarev-mobile has quit IRC
2014-12-05T11:06:14  *** sitkarev-mobile2 has quit IRC
2014-12-05T11:12:45  *** sitkarev-mobile has joined #lab
2014-12-05T11:45:27  *** sitkarev-mobile2 has joined #lab
2014-12-05T11:48:18  <wolong> народ,у кого какое мнение о венгерской нотации?
2014-12-05T11:50:02  *** michail has joined #lab
2014-12-05T11:53:19  *** sitkarev-mobile has quit IRC
2014-12-05T12:05:16  *** michail has quit IRC
2014-12-05T12:07:30  *** michail has joined #lab
2014-12-05T12:16:19  *** sitkarev-mobile has joined #lab
2014-12-05T12:22:08  *** sitkarev-mobile2 has quit IRC
2014-12-05T12:22:33  *** sitkarev-mobile2 has joined #lab
2014-12-05T12:26:24  *** sitkarev-mobile has quit IRC
2014-12-05T12:41:17  *** michail2 has joined #lab
2014-12-05T12:42:49  *** michail has quit IRC
2014-12-05T12:52:42  *** sitkarev-mobile has joined #lab
2014-12-05T12:52:54  *** sitkarev-mobile2 has quit IRC
2014-12-05T13:00:19  *** sitkarev-mobile2 has joined #lab
2014-12-05T13:07:49  *** sitkarev-mobile has quit IRC
2014-12-05T13:20:34  *** sitkarev-mobile2 has quit IRC
2014-12-05T13:22:56  *** sitkarev-mobile has joined #lab
2014-12-05T13:30:23  *** sitkarev-mobile2 has joined #lab
2014-12-05T13:30:40  <snegovik> а ктонить может зайти на amplab.ru или www.amplab.ru или chat.amplab.ru
2014-12-05T13:30:42  <snegovik> ?
2014-12-05T13:38:04  *** sitkarev-mobile has quit IRC
2014-12-05T13:50:34  *** serezha has joined #lab
2014-12-05T13:53:14  *** sitkarev-mobile has joined #lab
2014-12-05T13:55:39  *** sitkarev-mobile2 has quit IRC
2014-12-05T14:00:21  *** sitkarev-mobile2 has joined #lab
2014-12-05T14:08:24  *** sitkarev-mobile has quit IRC
2014-12-05T14:12:06  <serezha_mob> Не смог
2014-12-05T14:17:05  <wolong> не смог тоже. 
2014-12-05T14:21:31  <snegovik1> пороозик не смог
2014-12-05T14:21:39  <snegovik1> хорошо
2014-12-05T14:21:52  *** michail has joined #lab
2014-12-05T14:22:24  *** michail2 has quit IRC
2014-12-05T14:22:53  *** sitkarev-mobile has joined #lab
2014-12-05T14:25:39  *** sitkarev-mobile2 has quit IRC
2014-12-05T14:36:14  *** michail2 has joined #lab
2014-12-05T14:36:45  *** sitkarev-mobile2 has joined #lab
2014-12-05T14:36:59  *** michail has quit IRC
2014-12-05T14:43:04  *** sitkarev-mobile has quit IRC
2014-12-05T14:45:11  <sitkarev> Корейцы -- ослы???
2014-12-05T14:45:13  <sitkarev> (((
2014-12-05T14:49:27  *** michail has joined #lab
2014-12-05T14:54:07  <wolong> почему такое мнение?
2014-12-05T14:58:15  <wolong> про корейцев. 
2014-12-05T15:01:48  <michail> а какое мнение?
2014-12-05T15:01:58  <michail> какое именно?
2014-12-05T15:05:43  <wolong> Г.А. написал, что корейцы ослы. 
2014-12-05T15:06:03  <wolong> почему - не написал. 
2014-12-05T15:06:40  <michail> я че то пропустил наверное
2014-12-05T15:06:51  <michail> до этого я отписывал по теме софта
2014-12-05T15:06:57  <michail> но потом уходил и не был в чате
2014-12-05T15:07:07  <michail> много было еще потом дискуссии??
2014-12-05T15:18:27  <snegovik1> нет, Миха
2014-12-05T15:18:42  <michail> кидани 
2014-12-05T15:18:46  <snegovik1> (05:29:50 PM) snegovik: а ктонить может зайти на amplab.ru или www.amplab.ru или chat.amplab.ru
2014-12-05T15:18:46  <snegovik1> (05:29:52 PM) snegovik: ?
2014-12-05T15:18:46  <snegovik1> (05:37:15 PM) sitkarev-mobile left the room (quit: Ping timeout: 600 seconds).
2014-12-05T15:18:46  <snegovik1> (05:49:44 PM) serezha [sergey@lab] entered the room.
2014-12-05T15:18:46  <snegovik1> (05:52:25 PM) sitkarev-mobile [yaaic@lab] entered the room.
2014-12-05T15:18:48  <snegovik1> (05:54:50 PM) sitkarev-mobile2 left the room (quit: Ping timeout: 600 seconds).
2014-12-05T15:18:48  <snegovik1> (05:59:31 PM) sitkarev-mobile2 [yaaic@lab] entered the room.
2014-12-05T15:18:50  <snegovik1> (06:07:35 PM) sitkarev-mobile left the room (quit: Ping timeout: 600 seconds).
2014-12-05T15:18:50  <snegovik1> (06:11:16 PM) serezha_mob: Не смог
2014-12-05T15:18:52  <snegovik1> (06:16:16 PM) wolong: не смог тоже. 
2014-12-05T15:18:52  <snegovik1> (06:20:42 PM) snegovik: пороозик не смог
2014-12-05T15:18:54  <snegovik1> (06:20:49 PM) snegovik: хорошо
2014-12-05T15:18:56  <snegovik1> 06:44:21 PM) sitkarev: Корейцы -- ослы???
2014-12-05T15:18:56  <snegovik1> (06:44:24 PM) sitkarev: (((
2014-12-05T15:18:56  <snegovik1> (06:48:37 PM) michail [michail@lab] entered the room.
2014-12-05T15:18:58  <snegovik1> (06:53:18 PM) wolong: почему такое мнение?
2014-12-05T15:18:58  <snegovik1> (06:57:26 PM) wolong: про корейцев. 
2014-12-05T15:19:00  <snegovik1> (07:00:58 PM) michail: а какое мнение?
2014-12-05T15:19:00  <snegovik1> (07:01:09 PM) michail: какое именно?
2014-12-05T15:19:02  <snegovik1> (07:04:54 PM) wolong: Г.А. написал, что корейцы ослы. 
2014-12-05T15:19:02  <snegovik1> (07:05:13 PM) wolong: почему - не написал. 
2014-12-05T15:19:04  <snegovik1> (07:05:51 PM) michail: я че то пропустил наверное
2014-12-05T15:19:04  <snegovik1> (07:06:01 PM) michail: до этого я отписывал по теме софта
2014-12-05T15:19:06  <snegovik1> (07:06:08 PM) michail: но потом уходил и не был в чате
2014-12-05T15:19:06  <snegovik1> (07:06:18 PM) michail: много было еще потом дискуссии??
2014-12-05T15:19:08  <michail> понял )
2014-12-05T15:19:34  *** sitkarev-mobile has joined #lab
2014-12-05T15:20:10  <michail> среди всех наций есть и ослы и не ослы ) корпорации это место такое определенное
2014-12-05T15:20:26  *** s3my0n has joined #lab
2014-12-05T15:20:27  <s3my0n> #htp
2014-12-05T15:22:24  *** sitkarev-mobile2 has quit IRC
2014-12-05T15:52:38  *** sitkarev-mobile2 has joined #lab
2014-12-05T15:55:14  *** s3my0n has quit IRC
2014-12-05T16:00:24  *** sitkarev-mobile has quit IRC
2014-12-05T17:05:54  *** seik0 has quit IRC
2014-12-05T17:06:20  *** michail3 has joined #lab
2014-12-05T17:07:29  *** michail2 has quit IRC
2014-12-05T17:16:56  *** igorek_ has joined #lab
2014-12-05T17:19:50  *** sitkarev-mobile has joined #lab
2014-12-05T17:23:54  *** sitkarev-mobile2 has quit IRC
2014-12-05T17:29:41  <michail> ребята, подготовил два архива для разворачивания вики на авк
2014-12-05T17:29:45  <michail> http://www.filedropper.com/resources
2014-12-05T17:30:00  <michail> ресурсы надо распаковать в корень вебсервера
2014-12-05T17:30:05  <michail> http://www.filedropper.com/cgibin
2014-12-05T17:30:10  <michail> это собственно двиган
2014-12-05T17:30:26  <michail> надо положить файлы все /usr/lib/cgi-bin
2014-12-05T17:31:20  <michail> новый интерфейс, куки, авторизация, пока не стал делать базу данных в файле, это несложно и бытсро добавить
2014-12-05T17:31:43  <michail> для работы контроля версии еще надо навернуть rcs пакет
2014-12-05T17:31:59  <michail> работает кирилица в формах и на страницах
2014-12-05T17:32:13  <michail> несколько семпловых страничек прилагается
2014-12-05T17:53:56  *** seik0 has joined #lab
2014-12-05T17:57:41  *** seik1 has joined #lab
2014-12-05T18:04:41  <sitkarev> Так...
2014-12-05T18:05:50  <sitkarev> Про корейцев-ослов это было в связи с тем, что Миша сказал: "Они очень любят осла", по контексту -- IE.
2014-12-05T18:05:54  *** seik0 has quit IRC
2014-12-05T18:10:35  <michail3> кхааа точно
2014-12-05T18:12:29  <sitkarev> Так, ресурсы в корень же.
2014-12-05T18:14:59  <michail3> в корень
2014-12-05T18:15:08  <michail3> вар ввв
2014-12-05T18:15:36  <michail3> прямо с директорией всей
2014-12-05T18:15:43  <sitkarev> А входить для проверки кем??
2014-12-05T18:16:04  <michail3> как обычно пока 
2014-12-05T18:16:12  <michail3> админ секрет
2014-12-05T18:16:57  <sitkarev> Так... Каталог sessions надо создать
2014-12-05T18:17:11  <michail3> он должен был .быть в архиве
2014-12-05T18:17:21  <michail3> там и конфиг лежал 
2014-12-05T18:17:33  <michail3> то есть все на замену
2014-12-05T18:18:17  <sitkarev> Всё, появилась Edit.
2014-12-05T18:18:54  <michail3> ну все как обычно
2014-12-05T18:19:02  <michail3> можно теперь выйти
2014-12-05T18:19:11  <michail3> для проверки
2014-12-05T18:19:11  <sitkarev> Миш, только знаешь что
2014-12-05T18:19:19  <sitkarev> Надо чтобы в окне редактирования был моноширинный шрифт.
2014-12-05T18:19:22  <sitkarev> Там сейчас пропорциональный.
2014-12-05T18:19:42  <michail3> я проверю
2014-12-05T18:20:05  <igorek_> Миша уже 3 )))
2014-12-05T18:20:20  <igorek_> да и меня уже  _
2014-12-05T18:20:58  <sitkarev> Я балдею
2014-12-05T18:21:10  <sitkarev> Это вики, которую нам надо.
2014-12-05T18:21:15  <sitkarev> Без всякого безобразия.
2014-12-05T18:21:24  *** seik1 has quit IRC
2014-12-05T18:21:26  <sitkarev> Миш, только два пожелания есть.
2014-12-05T18:21:29  <sitkarev> Вот со шрифтом.
2014-12-05T18:21:54  <sitkarev> И на будущее, хотелось бы получить русские имена в ГлавнаяСтраница, Редактировать, ИсторияСтраницы, ПоследниеИзменения и СписокСтраниц.
2014-12-05T18:22:09  <sitkarev> И всё. Надо разворачивать.
2014-12-05T18:22:11  <sitkarev> Уже сил нет.
2014-12-05T18:22:52  <michail3> надо сделать словарь. итвсе что переводное там держать
2014-12-05T18:23:08  <michail3> и генерить все по настройки язвка
2014-12-05T18:24:10  <sitkarev> Да, и ещё, ширина текста должна совпадать вот там где ширина шапки.
2014-12-05T18:24:21  <sitkarev> Шапка сейчас точечками.
2014-12-05T18:24:23  <sitkarev> В ширину.
2014-12-05T18:24:32  <sitkarev> Вот и текст страницы должен быть в такую же ширину. Вот и всё.
2014-12-05T18:24:46  <sitkarev> И пошли все со своими питончиками и MySQL'ями куда подальше )))))
2014-12-05T18:26:14  <sitkarev> Короче, классно, мне очень нра.
2014-12-05T18:26:20  <sitkarev> Надо разворачивать.
2014-12-05T18:29:58  <igorek_> как запусать то
2014-12-05T18:30:15  <igorek_> ну или скриншотик дайте
2014-12-05T18:31:49  <michail3> в cgi-bin положи все файлы из одного архива. и из второго папку с ресурсами в корень веб сервера
2014-12-05T18:32:17  *** sitkarev-mobile2 has joined #lab
2014-12-05T18:38:45  *** seik0 has joined #lab
2014-12-05T18:40:13  *** wolong2 has joined #lab
2014-12-05T18:41:04  *** sitkarev-mobile has quit IRC
2014-12-05T18:42:09  *** wolong has quit IRC
2014-12-05T18:49:01  *** Egor has joined #lab
2014-12-05T18:49:12  <Egor> Всем привет
2014-12-05T18:50:14  *** wolong2 has quit IRC
2014-12-05T18:52:01  <sitkarev> Привет, Егорю
2014-12-05T18:52:03  <sitkarev> *Егор
2014-12-05T18:52:15  <sitkarev> Игорян, там у Миши два архива.
2014-12-05T18:52:26  <sitkarev> cgibin.tgz распаковывай в /usr/lib/cgi-bin.
2014-12-05T18:52:43  <sitkarev> А resources.tar.gz распаковывай прямо в /var/www, он туда должен положить каталог resources/.
2014-12-05T18:53:13  <sitkarev> А, resources тоже .tgz кстати.
2014-12-05T18:53:22  <sitkarev> Миш, я вот что подумал.
2014-12-05T18:53:34  <sitkarev> Если ты сделаешь в awki.conf отдельную строку для утилиты авторизации -- так будет лучше.
2014-12-05T18:53:51  <sitkarev> А то вдруг мы надумаем ещё почту пораздавать и всё такое, сложим всё в LDAP/
2014-12-05T18:54:15  <michail3> вот её как раз нет ещё
2014-12-05T18:54:20  <sitkarev> Так будет же ))
2014-12-05T18:54:23  <michail3> как знал
2014-12-05T18:54:36  <michail3> будет
2014-12-05T18:54:46  *** sitkarev-mobile has joined #lab
2014-12-05T18:54:50  <sitkarev> Короче, я голосую за ЛабВики Ильина.
2014-12-05T18:55:01  <sitkarev> Я думаю, нужно будет решить, какие разделы мы заведём сразу.
2014-12-05T18:55:08  <sitkarev> Я бы сделал по troff/mdroff.
2014-12-05T18:55:12  <sitkarev> Ещё по shell вводную часть.
2014-12-05T18:55:35  <sitkarev> А потом потихоньку наполняли бы.
2014-12-05T18:55:41  <sitkarev> Миш, у меня ещё супер-шальная идея была, сказать?
2014-12-05T18:55:57  <sitkarev> Сделать ещё чтобы из каждой странички можно было сгенерировать PDF.
2014-12-05T18:56:01  <sitkarev> С backend в mdroff.
2014-12-05T19:00:44  <sitkarev> Кто ещё развернул у себя посмотрел?
2014-12-05T19:02:39  *** sitkarev-mobile2 has quit IRC
2014-12-05T19:11:45  *** Egor has quit IRC
2014-12-05T19:20:19  *** wolong has joined #lab
2014-12-05T19:28:12  <sitkarev> (
2014-12-05T19:28:25  <sitkarev> Андрей, ты спрашивал про венгерскую нотацию...
2014-12-05T19:28:32  <sitkarev> Как ты думаешь мы можем к ней относиться? )))
2014-12-05T19:29:46  <michail3> дерьмо
2014-12-05T19:29:50  <michail3> )))
2014-12-05T19:29:52  <sitkarev> )))
2014-12-05T19:30:04  <sitkarev> Дело в том, что в именах кодировать типы -- порочная практика.
2014-12-05T19:30:08  <sitkarev> Компилятор и так знает о них.
2014-12-05T19:30:39  <sitkarev> Хотел Игоря Антонова заманить на котлеты, но проболтался, что они с почечным жиром.
2014-12-05T19:31:00  <sitkarev> И всё пошло насмарку.
2014-12-05T19:31:24  <sitkarev> А ещё сегодня он сделал скрипт, на 9600 межсимвольный интервал 15 миллисекунд, и вроде всё работало со сканером.
2014-12-05T19:31:25  <sitkarev> Миш.
2014-12-05T19:31:33  <sitkarev> Где виндовоз может такие задержки давать???
2014-12-05T19:32:26  <sitkarev> На 9600 примерно один символ -- это одна миллисекунда.
2014-12-05T19:36:17  <michail> может там как то по особенному ввод вывод работает с компортом
2014-12-05T19:36:21  <michail> + мы не знаем, как он пишет
2014-12-05T19:36:29  <michail> может он угадал по количеству байт
2014-12-05T19:36:37  <michail> может он побайтно пишет в дескриптор
2014-12-05T19:36:43  <michail> в своем клиенте или по 2 байта
2014-12-05T19:36:53  <michail> а не всей пачкой идеющейся
2014-12-05T19:37:06  *** igorek_ has quit IRC
2014-12-05T19:37:37  <sitkarev> Да, мы не знаем. Но ему почему-то везло.
2014-12-05T19:43:49  <wolong> а есть языки, где тип данных задается именем переменной?
2014-12-05T19:43:58  <wolong> я искал. не нашёл. 
2014-12-05T19:44:09  <sitkarev> Есть.
2014-12-05T19:45:30  <sitkarev> Можно я старчески покряхчу?
2014-12-05T19:45:30  <sitkarev> )))
2014-12-05T19:45:34  <sitkarev> Или побрюзжу)))))
2014-12-05T19:45:48  <sitkarev> Так вот, в стародавние времена, было дело...
2014-12-05T19:46:32  <sitkarev> Был такой язык Fortran.
2014-12-05T19:47:09  <sitkarev> Так вот, переменные базовых типов (целое и с плавающей запятой одинарной точности) не нужно было специфицировать.
2014-12-05T19:47:43  <sitkarev> По умолчанию, все переменные, начинавшиеся на A-H и O-Z были с плавающей запятой одинарной точности.
2014-12-05T19:48:11  <sitkarev> А переменные, начинавшиеся на I, J, K, L, M, N по умолчанию были целыми.
2014-12-05T19:48:20  <michail> Fortran все еще популярен )
2014-12-05T19:48:28  <sitkarev> 8-)
2014-12-05T19:48:32  <sitkarev> Где смайлик с бородой, ёлки палки.
2014-12-05T19:49:27  <sitkarev> Миш, у меня почему-то списки перестали работать.
2014-12-05T19:49:30  <michail> серьезно ) потому что быает делают тулчейн где скажем не включают поддрежку всех языков, оставляют только c/c++ и чтобы вы думали fortran
2014-12-05T19:49:35  <sitkarev> Точнее, они работают, но со второго элемента.
2014-12-05T19:51:04  <michail> я не трогал парсер, а как именно не работает
2014-12-05T19:51:09  <michail> я вроде создал сча парочку
2014-12-05T19:51:13  <michail> напробелил 8 раз
2014-12-05T19:51:21  <michail> ну и вроде получилось сделать список
2014-12-05T19:51:43  <michail> наверное надо отключить в awki.conf
2014-12-05T19:51:56  <sitkarev> Я табы вставлял.
2014-12-05T19:51:59  <michail> always_convert_spaces
2014-12-05T19:52:02  <michail> вот
2014-12-05T19:52:05  <sitkarev> Давай сделаю с пробелами, посмотрим сейчас.
2014-12-05T19:54:10  <sitkarev> Хм, да.
2014-12-05T19:54:17  <sitkarev> Ну, и хорошо, пробелами удобнее даже.
2014-12-05T19:55:25  <sitkarev> Я думаю, Fortran, возможно, требование какого-нибудь LSB.
2014-12-05T19:55:26  <sitkarev> )))
2014-12-05T19:58:17  <wolong> потом гляну. спасибо. дедушка Григорий Саныч. 
2014-12-05T20:37:42  *** sitkarev-mobile2 has joined #lab
2014-12-05T20:46:30  *** sitkarev-mobile has quit IRC
2014-12-05T20:46:31  <serezha> всем привет
2014-12-05T20:53:34  <michail> привет )
2014-12-05T20:55:10  <wolong> привет!
2014-12-05T21:07:19  <serezha> Григорий Саныч?
2014-12-05T21:07:22  <serezha> тут?
2014-12-05T21:09:09  <snegovik1> привет
2014-12-05T21:18:15  *** sitkarev-mobile2 has quit IRC
2014-12-05T21:18:54  *** sitkarev-mobile has joined #lab
2014-12-05T21:28:57  <sitkarev> Да.
2014-12-05T21:33:43  <serezha_mob> Ну в общем я разобрался с алгоритмом.
2014-12-05T21:42:52  <sitkarev> Отлично.
2014-12-05T21:42:57  <sitkarev> Значит уже и написал.
2014-12-05T21:43:28  <serezha_mob> Угу, работает.
2014-12-05T21:48:37  <serezha_mob> Хотел чтобы вы глянули код, ну уже поздно, лучше завтра тогда. Мне Вадим хотел помочь написать отчёт за летнюю практику по этой теме.
2014-12-05T21:48:54  <serezha_mob> Поповой сдать чтобы. 
2014-12-05T21:52:17  <sitkarev> Заведи уже себе github.
2014-12-05T21:52:31  <sitkarev> Если вы будете туда коммитить, то и просить не надо.
2014-12-05T21:52:42  <sitkarev> Я когда нахожу время, лазю по вашим репозиториям.
2014-12-05T21:53:08  <serezha_mob> А может Вадим уже сделал коммит
2014-12-05T21:53:56  <serezha_mob> create_polygon_jarvis()
2014-12-05T21:56:08  <sitkarev> Ты давай свой уже заведи.
2014-12-05T21:56:11  <sitkarev> И работай с ним.
2014-12-05T21:56:16  <sitkarev> А Вадим может из него подтягивать апдейты
2014-12-05T22:01:08  <michail> короч прикрутил словарь, теперь вики руссифицирована но может стать английской если закоменить опцию 
2014-12-05T22:01:32  <michail> поправил разметку и сделал моноширийность в области редактирования
2014-12-05T22:01:37  <sitkarev> Класс.
2014-12-05T22:01:43  <sitkarev> Коммить, надо посмотреть.
2014-12-05T22:02:02  <michail> так сделаю на 2 архива
2014-12-05T22:03:47  *** serezha has quit IRC
2014-12-05T22:04:51  <sitkarev> Чай пью вкусный, тоже пуэр, но теперь прессован в какие-то колобки
2014-12-05T22:04:54  <michail> http://www.filedropper.com/showdownload.php/cgibin_1
2014-12-05T22:05:13  <michail> http://www.filedropper.com/showdownload.php/resources_1
2014-12-05T22:05:23  <michail> data я не прилагал
2014-12-05T22:05:24  <sitkarev> Миш, а ты не хочешь на гитхабе сделать репозиторий для ЛабВики?
2014-12-05T22:05:26  <sitkarev> Ага
2014-12-05T22:05:33  <sitkarev> Сейчас закачаю.
2014-12-05T22:05:41  <sitkarev> Там ещё надо вводить цифры-буквы ((
2014-12-05T22:05:55  <sitkarev> Миш
2014-12-05T22:05:58  <sitkarev> Что-то не так...
2014-12-05T22:06:08  <sitkarev> А
2014-12-05T22:06:15  <sitkarev> Там надо убрать showdownload.php.
2014-12-05T22:06:23  <sitkarev> http://www.filedropper.com/cgibin_1
2014-12-05T22:06:23  <sitkarev> )
2014-12-05T22:06:26  <michail> да
2014-12-05T22:06:31  <michail> я не то скопиропал
2014-12-05T22:07:31  <michail> и для порядка надо переименовать тогда FrontPage в ГлавнуюСтраницу в data
2014-12-05T22:07:53  <sitkarev> Переделаю
2014-12-05T22:13:11  <sitkarev> Миш, там была подсказка по редактированию, пропала куда-то.
2014-12-05T22:13:26  <sitkarev> Когда делаешь Редактировать, была подсказка, писала про разметку.
2014-12-05T22:13:29  <sitkarev> Или так и должно быть?
2014-12-05T22:13:31  <michail> я подкоментил ее
2014-12-05T22:13:38  <michail> она в исходниках осталась
2014-12-05T22:14:38  <sitkarev> А
2014-12-05T22:14:41  <sitkarev> Ну, ладно.
2014-12-05T22:14:47  <sitkarev> Надо будет её на отдельную страницу вынести вообще.
2014-12-05T22:14:49  <sitkarev> Вот.
2014-12-05T22:14:54  <sitkarev> А то мешает, честно говоря.
2014-12-05T22:15:00  <sitkarev> Это мы потом сделаем.
2014-12-05T22:15:11  <sitkarev> Когда уже запустим движок, я сделаю страницу, что-то вроде руководства.
2014-12-05T22:15:40  <michail> ну как? сделал аккуратно перевод через _()
2014-12-05T22:16:14  <michail> если закоменитить lang то станет все английское сразу
2014-12-05T22:16:37  <sitkarev> Забыл ещё одну вещь, очень бы хотелось, чтоб потом ещё было имя пользователя. кто редактировал.
2014-12-05T22:16:41  <sitkarev> Да, ваще сказка.
2014-12-05T22:17:08  <michail> я думал про это, мы сохраним в файл сессии имя
2014-12-05T22:17:29  <michail> когда человек будет обращаться кука живая в ней имя чувака 
2014-12-05T22:18:15  <sitkarev> Да.
2014-12-05T22:21:29  <michail> аккуратно получилось очень
2014-12-05T22:23:08  <sitkarev> Да, клёвско.
2014-12-05T22:36:53  <dzruyk2> Добрый вечер всем)
2014-12-05T22:37:11  <dzruyk2> мой запоздалый дятловский ответ)
2014-12-05T22:38:04  <dzruyk2> Во первых это повод для шуток, но действительно есть отдел, которых зовут дятлами http://habrahabr.ru/company/kaspersky/blog/134076/
2014-12-05T22:39:11  <dzruyk2> во вторых я на обеде подумал - вы действительно правы в том что было бы здорово предоставить пользователям голый АПИ для общения с банком, чтобы всё автоматизировать 
2014-12-05T22:40:07  <sitkarev> (((
2014-12-05T22:40:10  <sitkarev> Нужен не голый API ((
2014-12-05T22:40:28  <sitkarev> Голый API начнёт мне диктовать окружение времени выполнения, версии, совместимость и т. д.
2014-12-05T22:40:48  <dzruyk2> для пользователей это не совсем подходит, и я воспринял ваши сообщения как "давайте заменим к хренам уже написанный софт в браузерах на тулзы, которые могут работать в баше"
2014-12-05T22:41:11  <dzruyk2> извиняюсь, не верно выразился
2014-12-05T22:42:36  <sitkarev> Боря, вообще-то мы же представители Unix-культуры, да? ))
2014-12-05T22:43:05  <sitkarev> У нас понятие "пользователь" -- это, как минимум, человек, который умеет писать скрипты на shell.
2014-12-05T22:43:38  <michail> прикольный пост, парень весь в этом процессе ) троянчики, уязвимости, сплойты
2014-12-05T22:44:25  *** michail3 has quit IRC
